!SESSION 2023-04-10 19:23:58.837 -----------------------------------------------
eclipse.buildId=unknown
java.fullversion=8.0.5.41 - pwa6480sr5fp41-20190919_01(SR5 FP41)
JRE 1.8.0 Windows 10 amd64-64-Bit Compressed References 20190911_427071 (JIT enabled, AOT enabled)
OpenJ9   - d581d49
OMR      - ca4db84
IBM      - 5cfdf9c
BootLoader constants: OS=win32, ARCH=x86_64, WS=win32, NL=en_US
Command-line arguments:  -clean -nl en_US -configuration C:\Users\anast\Documents\erasmus\classes\AMMM - MIRI\Labs\lab3\.metadata\workspace_oplrun

!ENTRY ilog.odms.ide.opllang.remote 1 0 2023-04-10 19:23:58.859
!MESSAGE Run Configuration2 in C:/Users/anast/opl/P3
!SESSION 2023-04-10 19:24:45.156 -----------------------------------------------
eclipse.buildId=unknown
java.fullversion=8.0.5.41 - pwa6480sr5fp41-20190919_01(SR5 FP41)
JRE 1.8.0 Windows 10 amd64-64-Bit Compressed References 20190911_427071 (JIT enabled, AOT enabled)
OpenJ9   - d581d49
OMR      - ca4db84
IBM      - 5cfdf9c
BootLoader constants: OS=win32, ARCH=x86_64, WS=win32, NL=en_US
Command-line arguments:  -clean -nl en_US -configuration C:\Users\anast\Documents\erasmus\classes\AMMM - MIRI\Labs\lab3\.metadata\workspace_oplrun

!ENTRY ilog.odms.ide.opllang.remote 1 0 2023-04-10 19:24:45.167
!MESSAGE Run Configuration2 in C:/Users/anast/opl/P3
!SESSION 2023-04-10 19:24:49.674 -----------------------------------------------
eclipse.buildId=unknown
java.fullversion=8.0.5.41 - pwa6480sr5fp41-20190919_01(SR5 FP41)
JRE 1.8.0 Windows 10 amd64-64-Bit Compressed References 20190911_427071 (JIT enabled, AOT enabled)
OpenJ9   - d581d49
OMR      - ca4db84
IBM      - 5cfdf9c
BootLoader constants: OS=win32, ARCH=x86_64, WS=win32, NL=en_US
Command-line arguments:  -clean -nl en_US -configuration C:\Users\anast\Documents\erasmus\classes\AMMM - MIRI\Labs\lab3\.metadata\workspace_oplrun

!ENTRY ilog.odms.ide.opllang.remote 1 0 2023-04-10 19:24:49.687
!MESSAGE Run Configuration2 in C:/Users/anast/opl/P3
!SESSION 2023-04-10 19:25:14.244 -----------------------------------------------
eclipse.buildId=unknown
java.fullversion=8.0.5.41 - pwa6480sr5fp41-20190919_01(SR5 FP41)
JRE 1.8.0 Windows 10 amd64-64-Bit Compressed References 20190911_427071 (JIT enabled, AOT enabled)
OpenJ9   - d581d49
OMR      - ca4db84
IBM      - 5cfdf9c
BootLoader constants: OS=win32, ARCH=x86_64, WS=win32, NL=en_US
Command-line arguments:  -clean -nl en_US -configuration C:\Users\anast\Documents\erasmus\classes\AMMM - MIRI\Labs\lab3\.metadata\workspace_oplrun

!ENTRY ilog.odms.ide.opllang.remote 1 0 2023-04-10 19:25:14.255
!MESSAGE Run Configuration2 in C:/Users/anast/opl/P3
!SESSION 2023-04-10 19:25:17.697 -----------------------------------------------
eclipse.buildId=unknown
java.fullversion=8.0.5.41 - pwa6480sr5fp41-20190919_01(SR5 FP41)
JRE 1.8.0 Windows 10 amd64-64-Bit Compressed References 20190911_427071 (JIT enabled, AOT enabled)
OpenJ9   - d581d49
OMR      - ca4db84
IBM      - 5cfdf9c
BootLoader constants: OS=win32, ARCH=x86_64, WS=win32, NL=en_US
Command-line arguments:  -clean -nl en_US -configuration C:\Users\anast\Documents\erasmus\classes\AMMM - MIRI\Labs\lab3\.metadata\workspace_oplrun

!ENTRY ilog.odms.ide.opllang.remote 1 0 2023-04-10 19:25:17.709
!MESSAGE Run Configuration3 in C:/Users/anast/opl/P3
!SESSION 2023-04-10 19:53:47.969 -----------------------------------------------
eclipse.buildId=unknown
java.fullversion=8.0.5.41 - pwa6480sr5fp41-20190919_01(SR5 FP41)
JRE 1.8.0 Windows 10 amd64-64-Bit Compressed References 20190911_427071 (JIT enabled, AOT enabled)
OpenJ9   - d581d49
OMR      - ca4db84
IBM      - 5cfdf9c
BootLoader constants: OS=win32, ARCH=x86_64, WS=win32, NL=en_US
Command-line arguments:  -clean -nl en_US -configuration C:\Users\anast\Documents\erasmus\classes\AMMM - MIRI\Labs\lab3\.metadata\workspace_oplrun

!ENTRY ilog.odms.ide.opllang.remote 1 0 2023-04-10 19:53:47.985
!MESSAGE Run Configuration2 in C:/Users/anast/opl/P3
!SESSION 2023-04-10 19:53:51.474 -----------------------------------------------
eclipse.buildId=unknown
java.fullversion=8.0.5.41 - pwa6480sr5fp41-20190919_01(SR5 FP41)
JRE 1.8.0 Windows 10 amd64-64-Bit Compressed References 20190911_427071 (JIT enabled, AOT enabled)
OpenJ9   - d581d49
OMR      - ca4db84
IBM      - 5cfdf9c
BootLoader constants: OS=win32, ARCH=x86_64, WS=win32, NL=en_US
Command-line arguments:  -clean -nl en_US -configuration C:\Users\anast\Documents\erasmus\classes\AMMM - MIRI\Labs\lab3\.metadata\workspace_oplrun

!ENTRY ilog.odms.ide.opllang.remote 1 0 2023-04-10 19:53:51.487
!MESSAGE Run Configuration3 in C:/Users/anast/opl/P3

!ENTRY ilog.odms.ide.opllang.remote 4 0 2023-04-10 19:53:51.547
!MESSAGE load failed
!STACK 1
org.eclipse.core.runtime.CoreException: load failed
	at ilog.odms.ide.opllang.remote.IloOplRunConfigRunner.doSetUpModel(IloOplRunConfigRunner.java:146)
	at ilog.odms.ide.opllang.remote.IloOplRunConfigRunner.doRun(IloOplRunConfigRunner.java:374)
	at ilog.odms.ide.opllang.run.IloAbstractRunShell$2.run(IloAbstractRunShell.java:1596)
	at org.eclipse.core.internal.jobs.Worker.run(Worker.java:56)
Caused by: ilog.concert.IloException: Impossible to load model.
	at ilog.opl.opl_lang_wrapJNI.IloOplRunConfiguration_getCppOplModel(Native Method)
	at ilog.opl.IloOplRunConfiguration.getCppOplModel(IloOplRunConfiguration.java:226)
	at ilog.opl.IloOplRunConfiguration.getOplModel(IloOplRunConfiguration.java:116)
	at ilog.odms.ide.opllang.remote.IloOplRunConfigRunner.doSetUpModel(IloOplRunConfigRunner.java:140)
	... 3 more
!SUBENTRY 1 ilog.odms.ide.opllang.remote 4 0 2023-04-10 19:53:51.549
!MESSAGE load failed
!STACK 0
ilog.concert.IloException: Impossible to load model.
	at ilog.opl.opl_lang_wrapJNI.IloOplRunConfiguration_getCppOplModel(Native Method)
	at ilog.opl.IloOplRunConfiguration.getCppOplModel(IloOplRunConfiguration.java:226)
	at ilog.opl.IloOplRunConfiguration.getOplModel(IloOplRunConfiguration.java:116)
	at ilog.odms.ide.opllang.remote.IloOplRunConfigRunner.doSetUpModel(IloOplRunConfigRunner.java:140)
	at ilog.odms.ide.opllang.remote.IloOplRunConfigRunner.doRun(IloOplRunConfigRunner.java:374)
	at ilog.odms.ide.opllang.run.IloAbstractRunShell$2.run(IloAbstractRunShell.java:1596)
	at org.eclipse.core.internal.jobs.Worker.run(Worker.java:56)
!SESSION 2023-04-10 19:55:33.146 -----------------------------------------------
eclipse.buildId=unknown
java.fullversion=8.0.5.41 - pwa6480sr5fp41-20190919_01(SR5 FP41)
JRE 1.8.0 Windows 10 amd64-64-Bit Compressed References 20190911_427071 (JIT enabled, AOT enabled)
OpenJ9   - d581d49
OMR      - ca4db84
IBM      - 5cfdf9c
BootLoader constants: OS=win32, ARCH=x86_64, WS=win32, NL=en_US
Command-line arguments:  -clean -nl en_US -configuration C:\Users\anast\Documents\erasmus\classes\AMMM - MIRI\Labs\lab3\.metadata\workspace_oplrun

!ENTRY ilog.odms.ide.opllang.remote 1 0 2023-04-10 19:55:33.159
!MESSAGE Run Configuration2 in C:/Users/anast/opl/P3
!SESSION 2023-04-10 19:55:49.727 -----------------------------------------------
eclipse.buildId=unknown
java.fullversion=8.0.5.41 - pwa6480sr5fp41-20190919_01(SR5 FP41)
JRE 1.8.0 Windows 10 amd64-64-Bit Compressed References 20190911_427071 (JIT enabled, AOT enabled)
OpenJ9   - d581d49
OMR      - ca4db84
IBM      - 5cfdf9c
BootLoader constants: OS=win32, ARCH=x86_64, WS=win32, NL=en_US
Command-line arguments:  -clean -nl en_US -configuration C:\Users\anast\Documents\erasmus\classes\AMMM - MIRI\Labs\lab3\.metadata\workspace_oplrun

!ENTRY ilog.odms.ide.opllang.remote 1 0 2023-04-10 19:55:49.737
!MESSAGE Run Configuration3 in C:/Users/anast/opl/P3

!ENTRY ilog.odms.ide.opllang.remote 4 0 2023-04-10 19:55:49.791
!MESSAGE load failed
!STACK 1
org.eclipse.core.runtime.CoreException: load failed
	at ilog.odms.ide.opllang.remote.IloOplRunConfigRunner.doSetUpModel(IloOplRunConfigRunner.java:146)
	at ilog.odms.ide.opllang.remote.IloOplRunConfigRunner.doRun(IloOplRunConfigRunner.java:374)
	at ilog.odms.ide.opllang.run.IloAbstractRunShell$2.run(IloAbstractRunShell.java:1596)
	at org.eclipse.core.internal.jobs.Worker.run(Worker.java:56)
Caused by: ilog.concert.IloException: Impossible to load model.
	at ilog.opl.opl_lang_wrapJNI.IloOplRunConfiguration_getCppOplModel(Native Method)
	at ilog.opl.IloOplRunConfiguration.getCppOplModel(IloOplRunConfiguration.java:226)
	at ilog.opl.IloOplRunConfiguration.getOplModel(IloOplRunConfiguration.java:116)
	at ilog.odms.ide.opllang.remote.IloOplRunConfigRunner.doSetUpModel(IloOplRunConfigRunner.java:140)
	... 3 more
!SUBENTRY 1 ilog.odms.ide.opllang.remote 4 0 2023-04-10 19:55:49.792
!MESSAGE load failed
!STACK 0
ilog.concert.IloException: Impossible to load model.
	at ilog.opl.opl_lang_wrapJNI.IloOplRunConfiguration_getCppOplModel(Native Method)
	at ilog.opl.IloOplRunConfiguration.getCppOplModel(IloOplRunConfiguration.java:226)
	at ilog.opl.IloOplRunConfiguration.getOplModel(IloOplRunConfiguration.java:116)
	at ilog.odms.ide.opllang.remote.IloOplRunConfigRunner.doSetUpModel(IloOplRunConfigRunner.java:140)
	at ilog.odms.ide.opllang.remote.IloOplRunConfigRunner.doRun(IloOplRunConfigRunner.java:374)
	at ilog.odms.ide.opllang.run.IloAbstractRunShell$2.run(IloAbstractRunShell.java:1596)
	at org.eclipse.core.internal.jobs.Worker.run(Worker.java:56)
!SESSION 2023-04-10 19:56:25.072 -----------------------------------------------
eclipse.buildId=unknown
java.fullversion=8.0.5.41 - pwa6480sr5fp41-20190919_01(SR5 FP41)
JRE 1.8.0 Windows 10 amd64-64-Bit Compressed References 20190911_427071 (JIT enabled, AOT enabled)
OpenJ9   - d581d49
OMR      - ca4db84
IBM      - 5cfdf9c
BootLoader constants: OS=win32, ARCH=x86_64, WS=win32, NL=en_US
Command-line arguments:  -clean -nl en_US -configuration C:\Users\anast\Documents\erasmus\classes\AMMM - MIRI\Labs\lab3\.metadata\workspace_oplrun

!ENTRY ilog.odms.ide.opllang.remote 1 0 2023-04-10 19:56:25.083
!MESSAGE Run Configuration2 in C:/Users/anast/opl/P3
!SESSION 2023-04-10 19:56:30.520 -----------------------------------------------
eclipse.buildId=unknown
java.fullversion=8.0.5.41 - pwa6480sr5fp41-20190919_01(SR5 FP41)
JRE 1.8.0 Windows 10 amd64-64-Bit Compressed References 20190911_427071 (JIT enabled, AOT enabled)
OpenJ9   - d581d49
OMR      - ca4db84
IBM      - 5cfdf9c
BootLoader constants: OS=win32, ARCH=x86_64, WS=win32, NL=en_US
Command-line arguments:  -clean -nl en_US -configuration C:\Users\anast\Documents\erasmus\classes\AMMM - MIRI\Labs\lab3\.metadata\workspace_oplrun

!ENTRY ilog.odms.ide.opllang.remote 1 0 2023-04-10 19:56:30.532
!MESSAGE Run Configuration3 in C:/Users/anast/opl/P3

!ENTRY ilog.odms.ide.opllang.remote 4 0 2023-04-10 19:56:30.585
!MESSAGE load failed
!STACK 1
org.eclipse.core.runtime.CoreException: load failed
	at ilog.odms.ide.opllang.remote.IloOplRunConfigRunner.doSetUpModel(IloOplRunConfigRunner.java:146)
	at ilog.odms.ide.opllang.remote.IloOplRunConfigRunner.doRun(IloOplRunConfigRunner.java:374)
	at ilog.odms.ide.opllang.run.IloAbstractRunShell$2.run(IloAbstractRunShell.java:1596)
	at org.eclipse.core.internal.jobs.Worker.run(Worker.java:56)
Caused by: ilog.concert.IloException: Impossible to load model.
	at ilog.opl.opl_lang_wrapJNI.IloOplRunConfiguration_getCppOplModel(Native Method)
	at ilog.opl.IloOplRunConfiguration.getCppOplModel(IloOplRunConfiguration.java:226)
	at ilog.opl.IloOplRunConfiguration.getOplModel(IloOplRunConfiguration.java:116)
	at ilog.odms.ide.opllang.remote.IloOplRunConfigRunner.doSetUpModel(IloOplRunConfigRunner.java:140)
	... 3 more
!SUBENTRY 1 ilog.odms.ide.opllang.remote 4 0 2023-04-10 19:56:30.586
!MESSAGE load failed
!STACK 0
ilog.concert.IloException: Impossible to load model.
	at ilog.opl.opl_lang_wrapJNI.IloOplRunConfiguration_getCppOplModel(Native Method)
	at ilog.opl.IloOplRunConfiguration.getCppOplModel(IloOplRunConfiguration.java:226)
	at ilog.opl.IloOplRunConfiguration.getOplModel(IloOplRunConfiguration.java:116)
	at ilog.odms.ide.opllang.remote.IloOplRunConfigRunner.doSetUpModel(IloOplRunConfigRunner.java:140)
	at ilog.odms.ide.opllang.remote.IloOplRunConfigRunner.doRun(IloOplRunConfigRunner.java:374)
	at ilog.odms.ide.opllang.run.IloAbstractRunShell$2.run(IloAbstractRunShell.java:1596)
	at org.eclipse.core.internal.jobs.Worker.run(Worker.java:56)
!SESSION 2023-04-10 19:57:41.520 -----------------------------------------------
eclipse.buildId=unknown
java.fullversion=8.0.5.41 - pwa6480sr5fp41-20190919_01(SR5 FP41)
JRE 1.8.0 Windows 10 amd64-64-Bit Compressed References 20190911_427071 (JIT enabled, AOT enabled)
OpenJ9   - d581d49
OMR      - ca4db84
IBM      - 5cfdf9c
BootLoader constants: OS=win32, ARCH=x86_64, WS=win32, NL=en_US
Command-line arguments:  -clean -nl en_US -configuration C:\Users\anast\Documents\erasmus\classes\AMMM - MIRI\Labs\lab3\.metadata\workspace_oplrun

!ENTRY ilog.odms.ide.opllang.remote 1 0 2023-04-10 19:57:41.533
!MESSAGE Run Configuration2 in C:/Users/anast/opl/P3
!SESSION 2023-04-10 19:57:46.527 -----------------------------------------------
eclipse.buildId=unknown
java.fullversion=8.0.5.41 - pwa6480sr5fp41-20190919_01(SR5 FP41)
JRE 1.8.0 Windows 10 amd64-64-Bit Compressed References 20190911_427071 (JIT enabled, AOT enabled)
OpenJ9   - d581d49
OMR      - ca4db84
IBM      - 5cfdf9c
BootLoader constants: OS=win32, ARCH=x86_64, WS=win32, NL=en_US
Command-line arguments:  -clean -nl en_US -configuration C:\Users\anast\Documents\erasmus\classes\AMMM - MIRI\Labs\lab3\.metadata\workspace_oplrun

!ENTRY ilog.odms.ide.opllang.remote 1 0 2023-04-10 19:57:46.539
!MESSAGE Run Configuration3 in C:/Users/anast/opl/P3

!ENTRY ilog.odms.ide.opllang.remote 4 0 2023-04-10 19:57:46.593
!MESSAGE load failed
!STACK 1
org.eclipse.core.runtime.CoreException: load failed
	at ilog.odms.ide.opllang.remote.IloOplRunConfigRunner.doSetUpModel(IloOplRunConfigRunner.java:146)
	at ilog.odms.ide.opllang.remote.IloOplRunConfigRunner.doRun(IloOplRunConfigRunner.java:374)
	at ilog.odms.ide.opllang.run.IloAbstractRunShell$2.run(IloAbstractRunShell.java:1596)
	at org.eclipse.core.internal.jobs.Worker.run(Worker.java:56)
Caused by: ilog.concert.IloException: Impossible to load model.
	at ilog.opl.opl_lang_wrapJNI.IloOplRunConfiguration_getCppOplModel(Native Method)
	at ilog.opl.IloOplRunConfiguration.getCppOplModel(IloOplRunConfiguration.java:226)
	at ilog.opl.IloOplRunConfiguration.getOplModel(IloOplRunConfiguration.java:116)
	at ilog.odms.ide.opllang.remote.IloOplRunConfigRunner.doSetUpModel(IloOplRunConfigRunner.java:140)
	... 3 more
!SUBENTRY 1 ilog.odms.ide.opllang.remote 4 0 2023-04-10 19:57:46.594
!MESSAGE load failed
!STACK 0
ilog.concert.IloException: Impossible to load model.
	at ilog.opl.opl_lang_wrapJNI.IloOplRunConfiguration_getCppOplModel(Native Method)
	at ilog.opl.IloOplRunConfiguration.getCppOplModel(IloOplRunConfiguration.java:226)
	at ilog.opl.IloOplRunConfiguration.getOplModel(IloOplRunConfiguration.java:116)
	at ilog.odms.ide.opllang.remote.IloOplRunConfigRunner.doSetUpModel(IloOplRunConfigRunner.java:140)
	at ilog.odms.ide.opllang.remote.IloOplRunConfigRunner.doRun(IloOplRunConfigRunner.java:374)
	at ilog.odms.ide.opllang.run.IloAbstractRunShell$2.run(IloAbstractRunShell.java:1596)
	at org.eclipse.core.internal.jobs.Worker.run(Worker.java:56)
!SESSION 2023-04-10 20:01:07.932 -----------------------------------------------
eclipse.buildId=unknown
java.fullversion=8.0.5.41 - pwa6480sr5fp41-20190919_01(SR5 FP41)
JRE 1.8.0 Windows 10 amd64-64-Bit Compressed References 20190911_427071 (JIT enabled, AOT enabled)
OpenJ9   - d581d49
OMR      - ca4db84
IBM      - 5cfdf9c
BootLoader constants: OS=win32, ARCH=x86_64, WS=win32, NL=en_US
Command-line arguments:  -clean -nl en_US -configuration C:\Users\anast\Documents\erasmus\classes\AMMM - MIRI\Labs\lab3\.metadata\workspace_oplrun

!ENTRY ilog.odms.ide.opllang.remote 1 0 2023-04-10 20:01:07.948
!MESSAGE Run Configuration2 in C:/Users/anast/opl/P3

!ENTRY ilog.odms.ide.opllang.remote 4 0 2023-04-10 20:01:08.098
!MESSAGE run failed
!STACK 0
java.lang.NullPointerException: Null output stream
	at java.io.PrintStream.requireNonNull(PrintStream.java:103)
	at java.io.PrintStream.<init>(PrintStream.java:175)
	at java.io.PrintStream.<init>(PrintStream.java:159)
	at ilog.odms.ide.opllang.remote.IloOplRunConfigRunner.doProcessMain(IloOplRunConfigRunner.java:344)
	at ilog.odms.ide.opllang.remote.IloOplRunConfigRunner.doProcessModel(IloOplRunConfigRunner.java:161)
	at ilog.odms.ide.opllang.remote.IloOplRunConfigRunner.doRun(IloOplRunConfigRunner.java:377)
	at ilog.odms.ide.opllang.run.IloAbstractRunShell$2.run(IloAbstractRunShell.java:1596)
	at org.eclipse.core.internal.jobs.Worker.run(Worker.java:56)
!SESSION 2023-04-10 20:01:11.756 -----------------------------------------------
eclipse.buildId=unknown
java.fullversion=8.0.5.41 - pwa6480sr5fp41-20190919_01(SR5 FP41)
JRE 1.8.0 Windows 10 amd64-64-Bit Compressed References 20190911_427071 (JIT enabled, AOT enabled)
OpenJ9   - d581d49
OMR      - ca4db84
IBM      - 5cfdf9c
BootLoader constants: OS=win32, ARCH=x86_64, WS=win32, NL=en_US
Command-line arguments:  -clean -nl en_US -configuration C:\Users\anast\Documents\erasmus\classes\AMMM - MIRI\Labs\lab3\.metadata\workspace_oplrun

!ENTRY ilog.odms.ide.opllang.remote 1 0 2023-04-10 20:01:11.768
!MESSAGE Run Configuration3 in C:/Users/anast/opl/P3
!SESSION 2023-04-10 20:14:43.266 -----------------------------------------------
eclipse.buildId=unknown
java.fullversion=8.0.5.41 - pwa6480sr5fp41-20190919_01(SR5 FP41)
JRE 1.8.0 Windows 10 amd64-64-Bit Compressed References 20190911_427071 (JIT enabled, AOT enabled)
OpenJ9   - d581d49
OMR      - ca4db84
IBM      - 5cfdf9c
BootLoader constants: OS=win32, ARCH=x86_64, WS=win32, NL=en_US
Command-line arguments:  -clean -nl en_US -configuration C:\Users\anast\Documents\erasmus\classes\AMMM - MIRI\Labs\lab3\.metadata\workspace_oplrun

!ENTRY ilog.odms.ide.opllang.remote 1 0 2023-04-10 20:14:43.280
!MESSAGE Run Configuration2 in C:/Users/anast/opl/P3
!SESSION 2023-04-10 20:15:40.565 -----------------------------------------------
eclipse.buildId=unknown
java.fullversion=8.0.5.41 - pwa6480sr5fp41-20190919_01(SR5 FP41)
JRE 1.8.0 Windows 10 amd64-64-Bit Compressed References 20190911_427071 (JIT enabled, AOT enabled)
OpenJ9   - d581d49
OMR      - ca4db84
IBM      - 5cfdf9c
BootLoader constants: OS=win32, ARCH=x86_64, WS=win32, NL=en_US
Command-line arguments:  -clean -nl en_US -configuration C:\Users\anast\Documents\erasmus\classes\AMMM - MIRI\Labs\lab3\.metadata\workspace_oplrun

!ENTRY ilog.odms.ide.opllang.remote 1 0 2023-04-10 20:15:40.576
!MESSAGE Run Configuration2 in C:/Users/anast/opl/P3
!SESSION 2023-04-10 20:23:19.923 -----------------------------------------------
eclipse.buildId=unknown
java.fullversion=8.0.5.41 - pwa6480sr5fp41-20190919_01(SR5 FP41)
JRE 1.8.0 Windows 10 amd64-64-Bit Compressed References 20190911_427071 (JIT enabled, AOT enabled)
OpenJ9   - d581d49
OMR      - ca4db84
IBM      - 5cfdf9c
BootLoader constants: OS=win32, ARCH=x86_64, WS=win32, NL=en_US
Command-line arguments:  -clean -nl en_US -configuration C:\Users\anast\Documents\erasmus\classes\AMMM - MIRI\Labs\lab3\.metadata\workspace_oplrun

!ENTRY ilog.odms.ide.opllang.remote 1 0 2023-04-10 20:23:19.933
!MESSAGE Run Configuration2 in C:/Users/anast/opl/P3
!SESSION 2023-04-10 20:23:39.519 -----------------------------------------------
eclipse.buildId=unknown
java.fullversion=8.0.5.41 - pwa6480sr5fp41-20190919_01(SR5 FP41)
JRE 1.8.0 Windows 10 amd64-64-Bit Compressed References 20190911_427071 (JIT enabled, AOT enabled)
OpenJ9   - d581d49
OMR      - ca4db84
IBM      - 5cfdf9c
BootLoader constants: OS=win32, ARCH=x86_64, WS=win32, NL=en_US
Command-line arguments:  -clean -nl en_US -configuration C:\Users\anast\Documents\erasmus\classes\AMMM - MIRI\Labs\lab3\.metadata\workspace_oplrun

!ENTRY ilog.odms.ide.opllang.remote 1 0 2023-04-10 20:23:39.531
!MESSAGE Run Configuration2 in C:/Users/anast/opl/P3
!SESSION 2023-04-10 20:24:13.234 -----------------------------------------------
eclipse.buildId=unknown
java.fullversion=8.0.5.41 - pwa6480sr5fp41-20190919_01(SR5 FP41)
JRE 1.8.0 Windows 10 amd64-64-Bit Compressed References 20190911_427071 (JIT enabled, AOT enabled)
OpenJ9   - d581d49
OMR      - ca4db84
IBM      - 5cfdf9c
BootLoader constants: OS=win32, ARCH=x86_64, WS=win32, NL=en_US
Command-line arguments:  -clean -nl en_US -configuration C:\Users\anast\Documents\erasmus\classes\AMMM - MIRI\Labs\lab3\.metadata\workspace_oplrun

!ENTRY ilog.odms.ide.opllang.remote 1 0 2023-04-10 20:24:13.246
!MESSAGE Run Configuration2 in C:/Users/anast/opl/P3
!SESSION 2023-04-10 20:25:02.415 -----------------------------------------------
eclipse.buildId=unknown
java.fullversion=8.0.5.41 - pwa6480sr5fp41-20190919_01(SR5 FP41)
JRE 1.8.0 Windows 10 amd64-64-Bit Compressed References 20190911_427071 (JIT enabled, AOT enabled)
OpenJ9   - d581d49
OMR      - ca4db84
IBM      - 5cfdf9c
BootLoader constants: OS=win32, ARCH=x86_64, WS=win32, NL=en_US
Command-line arguments:  -clean -nl en_US -configuration C:\Users\anast\Documents\erasmus\classes\AMMM - MIRI\Labs\lab3\.metadata\workspace_oplrun

!ENTRY ilog.odms.ide.opllang.remote 1 0 2023-04-10 20:25:02.431
!MESSAGE Run Configuration2 in C:/Users/anast/opl/P3
!SESSION 2023-04-10 20:25:23.102 -----------------------------------------------
eclipse.buildId=unknown
java.fullversion=8.0.5.41 - pwa6480sr5fp41-20190919_01(SR5 FP41)
JRE 1.8.0 Windows 10 amd64-64-Bit Compressed References 20190911_427071 (JIT enabled, AOT enabled)
OpenJ9   - d581d49
OMR      - ca4db84
IBM      - 5cfdf9c
BootLoader constants: OS=win32, ARCH=x86_64, WS=win32, NL=en_US
Command-line arguments:  -clean -nl en_US -configuration C:\Users\anast\Documents\erasmus\classes\AMMM - MIRI\Labs\lab3\.metadata\workspace_oplrun

!ENTRY ilog.odms.ide.opllang.remote 1 0 2023-04-10 20:25:23.115
!MESSAGE Run Configuration2 in C:/Users/anast/opl/P3
!SESSION 2023-04-10 20:28:58.489 -----------------------------------------------
eclipse.buildId=unknown
java.fullversion=8.0.5.41 - pwa6480sr5fp41-20190919_01(SR5 FP41)
JRE 1.8.0 Windows 10 amd64-64-Bit Compressed References 20190911_427071 (JIT enabled, AOT enabled)
OpenJ9   - d581d49
OMR      - ca4db84
IBM      - 5cfdf9c
BootLoader constants: OS=win32, ARCH=x86_64, WS=win32, NL=en_US
Command-line arguments:  -clean -nl en_US -configuration C:\Users\anast\Documents\erasmus\classes\AMMM - MIRI\Labs\lab3\.metadata\workspace_oplrun

!ENTRY ilog.odms.ide.opllang.remote 1 0 2023-04-10 20:28:58.502
!MESSAGE Run Configuration2 in C:/Users/anast/opl/P3
!SESSION 2023-04-10 20:30:51.662 -----------------------------------------------
eclipse.buildId=unknown
java.fullversion=8.0.5.41 - pwa6480sr5fp41-20190919_01(SR5 FP41)
JRE 1.8.0 Windows 10 amd64-64-Bit Compressed References 20190911_427071 (JIT enabled, AOT enabled)
OpenJ9   - d581d49
OMR      - ca4db84
IBM      - 5cfdf9c
BootLoader constants: OS=win32, ARCH=x86_64, WS=win32, NL=en_US
Command-line arguments:  -clean -nl en_US -configuration C:\Users\anast\Documents\erasmus\classes\AMMM - MIRI\Labs\lab3\.metadata\workspace_oplrun

!ENTRY ilog.odms.ide.opllang.remote 1 0 2023-04-10 20:30:51.675
!MESSAGE Run Configuration2 in C:/Users/anast/opl/P3
!SESSION 2023-04-10 20:31:18.095 -----------------------------------------------
eclipse.buildId=unknown
java.fullversion=8.0.5.41 - pwa6480sr5fp41-20190919_01(SR5 FP41)
JRE 1.8.0 Windows 10 amd64-64-Bit Compressed References 20190911_427071 (JIT enabled, AOT enabled)
OpenJ9   - d581d49
OMR      - ca4db84
IBM      - 5cfdf9c
BootLoader constants: OS=win32, ARCH=x86_64, WS=win32, NL=en_US
Command-line arguments:  -clean -nl en_US -configuration C:\Users\anast\Documents\erasmus\classes\AMMM - MIRI\Labs\lab3\.metadata\workspace_oplrun

!ENTRY ilog.odms.ide.opllang.remote 1 0 2023-04-10 20:31:18.110
!MESSAGE Run Configuration2 in C:/Users/anast/opl/P3
!SESSION 2023-04-10 20:31:45.118 -----------------------------------------------
eclipse.buildId=unknown
java.fullversion=8.0.5.41 - pwa6480sr5fp41-20190919_01(SR5 FP41)
JRE 1.8.0 Windows 10 amd64-64-Bit Compressed References 20190911_427071 (JIT enabled, AOT enabled)
OpenJ9   - d581d49
OMR      - ca4db84
IBM      - 5cfdf9c
BootLoader constants: OS=win32, ARCH=x86_64, WS=win32, NL=en_US
Command-line arguments:  -clean -nl en_US -configuration C:\Users\anast\Documents\erasmus\classes\AMMM - MIRI\Labs\lab3\.metadata\workspace_oplrun

!ENTRY ilog.odms.ide.opllang.remote 1 0 2023-04-10 20:31:45.129
!MESSAGE Run Configuration2 in C:/Users/anast/opl/P3
!SESSION 2023-04-10 20:33:01.854 -----------------------------------------------
eclipse.buildId=unknown
java.fullversion=8.0.5.41 - pwa6480sr5fp41-20190919_01(SR5 FP41)
JRE 1.8.0 Windows 10 amd64-64-Bit Compressed References 20190911_427071 (JIT enabled, AOT enabled)
OpenJ9   - d581d49
OMR      - ca4db84
IBM      - 5cfdf9c
BootLoader constants: OS=win32, ARCH=x86_64, WS=win32, NL=en_US
Command-line arguments:  -clean -nl en_US -configuration C:\Users\anast\Documents\erasmus\classes\AMMM - MIRI\Labs\lab3\.metadata\workspace_oplrun

!ENTRY ilog.odms.ide.opllang.remote 1 0 2023-04-10 20:33:01.869
!MESSAGE Run Configuration2 in C:/Users/anast/opl/P3
!SESSION 2023-04-10 20:33:14.527 -----------------------------------------------
eclipse.buildId=unknown
java.fullversion=8.0.5.41 - pwa6480sr5fp41-20190919_01(SR5 FP41)
JRE 1.8.0 Windows 10 amd64-64-Bit Compressed References 20190911_427071 (JIT enabled, AOT enabled)
OpenJ9   - d581d49
OMR      - ca4db84
IBM      - 5cfdf9c
BootLoader constants: OS=win32, ARCH=x86_64, WS=win32, NL=en_US
Command-line arguments:  -clean -nl en_US -configuration C:\Users\anast\Documents\erasmus\classes\AMMM - MIRI\Labs\lab3\.metadata\workspace_oplrun

!ENTRY ilog.odms.ide.opllang.remote 1 0 2023-04-10 20:33:14.538
!MESSAGE Run Configuration2 in C:/Users/anast/opl/P3
!SESSION 2023-04-10 20:35:44.186 -----------------------------------------------
eclipse.buildId=unknown
java.fullversion=8.0.5.41 - pwa6480sr5fp41-20190919_01(SR5 FP41)
JRE 1.8.0 Windows 10 amd64-64-Bit Compressed References 20190911_427071 (JIT enabled, AOT enabled)
OpenJ9   - d581d49
OMR      - ca4db84
IBM      - 5cfdf9c
BootLoader constants: OS=win32, ARCH=x86_64, WS=win32, NL=en_US
Command-line arguments:  -clean -nl en_US -configuration C:\Users\anast\Documents\erasmus\classes\AMMM - MIRI\Labs\lab3\.metadata\workspace_oplrun

!ENTRY ilog.odms.ide.opllang.remote 1 0 2023-04-10 20:35:44.197
!MESSAGE Run Configuration2 in C:/Users/anast/opl/P3
!SESSION 2023-04-10 20:37:02.844 -----------------------------------------------
eclipse.buildId=unknown
java.fullversion=8.0.5.41 - pwa6480sr5fp41-20190919_01(SR5 FP41)
JRE 1.8.0 Windows 10 amd64-64-Bit Compressed References 20190911_427071 (JIT enabled, AOT enabled)
OpenJ9   - d581d49
OMR      - ca4db84
IBM      - 5cfdf9c
BootLoader constants: OS=win32, ARCH=x86_64, WS=win32, NL=en_US
Command-line arguments:  -clean -nl en_US -configuration C:\Users\anast\Documents\erasmus\classes\AMMM - MIRI\Labs\lab3\.metadata\workspace_oplrun

!ENTRY ilog.odms.ide.opllang.remote 1 0 2023-04-10 20:37:02.855
!MESSAGE Run Configuration2 in C:/Users/anast/opl/P3
!SESSION 2023-04-10 20:38:33.745 -----------------------------------------------
eclipse.buildId=unknown
java.fullversion=8.0.5.41 - pwa6480sr5fp41-20190919_01(SR5 FP41)
JRE 1.8.0 Windows 10 amd64-64-Bit Compressed References 20190911_427071 (JIT enabled, AOT enabled)
OpenJ9   - d581d49
OMR      - ca4db84
IBM      - 5cfdf9c
BootLoader constants: OS=win32, ARCH=x86_64, WS=win32, NL=en_US
Command-line arguments:  -clean -nl en_US -configuration C:\Users\anast\Documents\erasmus\classes\AMMM - MIRI\Labs\lab3\.metadata\workspace_oplrun

!ENTRY ilog.odms.ide.opllang.remote 1 0 2023-04-10 20:38:33.758
!MESSAGE Run Configuration2 in C:/Users/anast/opl/P3
!SESSION 2023-04-10 20:39:20.405 -----------------------------------------------
eclipse.buildId=unknown
java.fullversion=8.0.5.41 - pwa6480sr5fp41-20190919_01(SR5 FP41)
JRE 1.8.0 Windows 10 amd64-64-Bit Compressed References 20190911_427071 (JIT enabled, AOT enabled)
OpenJ9   - d581d49
OMR      - ca4db84
IBM      - 5cfdf9c
BootLoader constants: OS=win32, ARCH=x86_64, WS=win32, NL=en_US
Command-line arguments:  -clean -nl en_US -configuration C:\Users\anast\Documents\erasmus\classes\AMMM - MIRI\Labs\lab3\.metadata\workspace_oplrun

!ENTRY ilog.odms.ide.opllang.remote 1 0 2023-04-10 20:39:20.417
!MESSAGE Run Configuration2 in C:/Users/anast/opl/P3
!SESSION 2023-04-10 20:40:56.203 -----------------------------------------------
eclipse.buildId=unknown
java.fullversion=8.0.5.41 - pwa6480sr5fp41-20190919_01(SR5 FP41)
JRE 1.8.0 Windows 10 amd64-64-Bit Compressed References 20190911_427071 (JIT enabled, AOT enabled)
OpenJ9   - d581d49
OMR      - ca4db84
IBM      - 5cfdf9c
BootLoader constants: OS=win32, ARCH=x86_64, WS=win32, NL=en_US
Command-line arguments:  -clean -nl en_US -configuration C:\Users\anast\Documents\erasmus\classes\AMMM - MIRI\Labs\lab3\.metadata\workspace_oplrun

!ENTRY ilog.odms.ide.opllang.remote 1 0 2023-04-10 20:40:56.215
!MESSAGE Run Configuration2 in C:/Users/anast/opl/P3
!SESSION 2023-04-10 20:41:34.675 -----------------------------------------------
eclipse.buildId=unknown
java.fullversion=8.0.5.41 - pwa6480sr5fp41-20190919_01(SR5 FP41)
JRE 1.8.0 Windows 10 amd64-64-Bit Compressed References 20190911_427071 (JIT enabled, AOT enabled)
OpenJ9   - d581d49
OMR      - ca4db84
IBM      - 5cfdf9c
BootLoader constants: OS=win32, ARCH=x86_64, WS=win32, NL=en_US
Command-line arguments:  -clean -nl en_US -configuration C:\Users\anast\Documents\erasmus\classes\AMMM - MIRI\Labs\lab3\.metadata\workspace_oplrun

!ENTRY ilog.odms.ide.opllang.remote 1 0 2023-04-10 20:41:34.688
!MESSAGE Run Configuration2 in C:/Users/anast/opl/P3
!SESSION 2023-04-10 20:42:28.782 -----------------------------------------------
eclipse.buildId=unknown
java.fullversion=8.0.5.41 - pwa6480sr5fp41-20190919_01(SR5 FP41)
JRE 1.8.0 Windows 10 amd64-64-Bit Compressed References 20190911_427071 (JIT enabled, AOT enabled)
OpenJ9   - d581d49
OMR      - ca4db84
IBM      - 5cfdf9c
BootLoader constants: OS=win32, ARCH=x86_64, WS=win32, NL=en_US
Command-line arguments:  -clean -nl en_US -configuration C:\Users\anast\Documents\erasmus\classes\AMMM - MIRI\Labs\lab3\.metadata\workspace_oplrun

!ENTRY ilog.odms.ide.opllang.remote 1 0 2023-04-10 20:42:28.795
!MESSAGE Run Configuration2 in C:/Users/anast/opl/P3
!SESSION 2023-04-10 20:43:59.558 -----------------------------------------------
eclipse.buildId=unknown
java.fullversion=8.0.5.41 - pwa6480sr5fp41-20190919_01(SR5 FP41)
JRE 1.8.0 Windows 10 amd64-64-Bit Compressed References 20190911_427071 (JIT enabled, AOT enabled)
OpenJ9   - d581d49
OMR      - ca4db84
IBM      - 5cfdf9c
BootLoader constants: OS=win32, ARCH=x86_64, WS=win32, NL=en_US
Command-line arguments:  -clean -nl en_US -configuration C:\Users\anast\Documents\erasmus\classes\AMMM - MIRI\Labs\lab3\.metadata\workspace_oplrun

!ENTRY ilog.odms.ide.opllang.remote 1 0 2023-04-10 20:43:59.570
!MESSAGE Run Configuration2 in C:/Users/anast/opl/P3
!SESSION 2023-04-10 20:44:15.864 -----------------------------------------------
eclipse.buildId=unknown
java.fullversion=8.0.5.41 - pwa6480sr5fp41-20190919_01(SR5 FP41)
JRE 1.8.0 Windows 10 amd64-64-Bit Compressed References 20190911_427071 (JIT enabled, AOT enabled)
OpenJ9   - d581d49
OMR      - ca4db84
IBM      - 5cfdf9c
BootLoader constants: OS=win32, ARCH=x86_64, WS=win32, NL=en_US
Command-line arguments:  -clean -nl en_US -configuration C:\Users\anast\Documents\erasmus\classes\AMMM - MIRI\Labs\lab3\.metadata\workspace_oplrun

!ENTRY ilog.odms.ide.opllang.remote 1 0 2023-04-10 20:44:15.877
!MESSAGE Run Configuration2 in C:/Users/anast/opl/P3
!SESSION 2023-04-10 20:45:49.816 -----------------------------------------------
eclipse.buildId=unknown
java.fullversion=8.0.5.41 - pwa6480sr5fp41-20190919_01(SR5 FP41)
JRE 1.8.0 Windows 10 amd64-64-Bit Compressed References 20190911_427071 (JIT enabled, AOT enabled)
OpenJ9   - d581d49
OMR      - ca4db84
IBM      - 5cfdf9c
BootLoader constants: OS=win32, ARCH=x86_64, WS=win32, NL=en_US
Command-line arguments:  -clean -nl en_US -configuration C:\Users\anast\Documents\erasmus\classes\AMMM - MIRI\Labs\lab3\.metadata\workspace_oplrun

!ENTRY ilog.odms.ide.opllang.remote 1 0 2023-04-10 20:45:49.827
!MESSAGE Run Configuration2 in C:/Users/anast/opl/P3
!SESSION 2023-04-10 20:47:24.462 -----------------------------------------------
eclipse.buildId=unknown
java.fullversion=8.0.5.41 - pwa6480sr5fp41-20190919_01(SR5 FP41)
JRE 1.8.0 Windows 10 amd64-64-Bit Compressed References 20190911_427071 (JIT enabled, AOT enabled)
OpenJ9   - d581d49
OMR      - ca4db84
IBM      - 5cfdf9c
BootLoader constants: OS=win32, ARCH=x86_64, WS=win32, NL=en_US
Command-line arguments:  -clean -nl en_US -configuration C:\Users\anast\Documents\erasmus\classes\AMMM - MIRI\Labs\lab3\.metadata\workspace_oplrun

!ENTRY ilog.odms.ide.opllang.remote 1 0 2023-04-10 20:47:24.473
!MESSAGE Run Configuration2 in C:/Users/anast/opl/P3
!SESSION 2023-04-10 20:50:10.647 -----------------------------------------------
eclipse.buildId=unknown
java.fullversion=8.0.5.41 - pwa6480sr5fp41-20190919_01(SR5 FP41)
JRE 1.8.0 Windows 10 amd64-64-Bit Compressed References 20190911_427071 (JIT enabled, AOT enabled)
OpenJ9   - d581d49
OMR      - ca4db84
IBM      - 5cfdf9c
BootLoader constants: OS=win32, ARCH=x86_64, WS=win32, NL=en_US
Command-line arguments:  -clean -nl en_US -configuration C:\Users\anast\Documents\erasmus\classes\AMMM - MIRI\Labs\lab3\.metadata\workspace_oplrun

!ENTRY ilog.odms.ide.opllang.remote 1 0 2023-04-10 20:50:10.659
!MESSAGE Run Configuration2 in C:/Users/anast/opl/P3
!SESSION 2023-04-10 20:53:17.552 -----------------------------------------------
eclipse.buildId=unknown
java.fullversion=8.0.5.41 - pwa6480sr5fp41-20190919_01(SR5 FP41)
JRE 1.8.0 Windows 10 amd64-64-Bit Compressed References 20190911_427071 (JIT enabled, AOT enabled)
OpenJ9   - d581d49
OMR      - ca4db84
IBM      - 5cfdf9c
BootLoader constants: OS=win32, ARCH=x86_64, WS=win32, NL=en_US
Command-line arguments:  -clean -nl en_US -configuration C:\Users\anast\Documents\erasmus\classes\AMMM - MIRI\Labs\lab3\.metadata\workspace_oplrun

!ENTRY ilog.odms.ide.opllang.remote 1 0 2023-04-10 20:53:17.565
!MESSAGE Run Configuration2 in C:/Users/anast/opl/P3
!SESSION 2023-04-10 20:53:42.476 -----------------------------------------------
eclipse.buildId=unknown
java.fullversion=8.0.5.41 - pwa6480sr5fp41-20190919_01(SR5 FP41)
JRE 1.8.0 Windows 10 amd64-64-Bit Compressed References 20190911_427071 (JIT enabled, AOT enabled)
OpenJ9   - d581d49
OMR      - ca4db84
IBM      - 5cfdf9c
BootLoader constants: OS=win32, ARCH=x86_64, WS=win32, NL=en_US
Command-line arguments:  -clean -nl en_US -configuration C:\Users\anast\Documents\erasmus\classes\AMMM - MIRI\Labs\lab3\.metadata\workspace_oplrun

!ENTRY ilog.odms.ide.opllang.remote 1 0 2023-04-10 20:53:42.489
!MESSAGE Run Configuration2 in C:/Users/anast/opl/P3
!SESSION 2023-04-10 20:54:19.348 -----------------------------------------------
eclipse.buildId=unknown
java.fullversion=8.0.5.41 - pwa6480sr5fp41-20190919_01(SR5 FP41)
JRE 1.8.0 Windows 10 amd64-64-Bit Compressed References 20190911_427071 (JIT enabled, AOT enabled)
OpenJ9   - d581d49
OMR      - ca4db84
IBM      - 5cfdf9c
BootLoader constants: OS=win32, ARCH=x86_64, WS=win32, NL=en_US
Command-line arguments:  -clean -nl en_US -configuration C:\Users\anast\Documents\erasmus\classes\AMMM - MIRI\Labs\lab3\.metadata\workspace_oplrun

!ENTRY ilog.odms.ide.opllang.remote 1 0 2023-04-10 20:54:19.360
!MESSAGE Run Configuration2 in C:/Users/anast/opl/P3
!SESSION 2023-04-10 21:10:27.066 -----------------------------------------------
eclipse.buildId=unknown
java.fullversion=8.0.5.41 - pwa6480sr5fp41-20190919_01(SR5 FP41)
JRE 1.8.0 Windows 10 amd64-64-Bit Compressed References 20190911_427071 (JIT enabled, AOT enabled)
OpenJ9   - d581d49
OMR      - ca4db84
IBM      - 5cfdf9c
BootLoader constants: OS=win32, ARCH=x86_64, WS=win32, NL=en_US
Command-line arguments:  -clean -nl en_US -configuration C:\Users\anast\Documents\erasmus\classes\AMMM - MIRI\Labs\lab3\.metadata\workspace_oplrun

!ENTRY ilog.odms.ide.opllang.remote 1 0 2023-04-10 21:10:27.080
!MESSAGE Run Configuration2 in C:/Users/anast/opl/P3
!SESSION 2023-04-10 21:10:57.730 -----------------------------------------------
eclipse.buildId=unknown
java.fullversion=8.0.5.41 - pwa6480sr5fp41-20190919_01(SR5 FP41)
JRE 1.8.0 Windows 10 amd64-64-Bit Compressed References 20190911_427071 (JIT enabled, AOT enabled)
OpenJ9   - d581d49
OMR      - ca4db84
IBM      - 5cfdf9c
BootLoader constants: OS=win32, ARCH=x86_64, WS=win32, NL=en_US
Command-line arguments:  -clean -nl en_US -configuration C:\Users\anast\Documents\erasmus\classes\AMMM - MIRI\Labs\lab3\.metadata\workspace_oplrun

!ENTRY ilog.odms.ide.opllang.remote 1 0 2023-04-10 21:10:57.741
!MESSAGE Run Configuration2 in C:/Users/anast/opl/P3
!SESSION 2023-04-10 21:11:18.961 -----------------------------------------------
eclipse.buildId=unknown
java.fullversion=8.0.5.41 - pwa6480sr5fp41-20190919_01(SR5 FP41)
JRE 1.8.0 Windows 10 amd64-64-Bit Compressed References 20190911_427071 (JIT enabled, AOT enabled)
OpenJ9   - d581d49
OMR      - ca4db84
IBM      - 5cfdf9c
BootLoader constants: OS=win32, ARCH=x86_64, WS=win32, NL=en_US
Command-line arguments:  -clean -nl en_US -configuration C:\Users\anast\Documents\erasmus\classes\AMMM - MIRI\Labs\lab3\.metadata\workspace_oplrun

!ENTRY ilog.odms.ide.opllang.remote 1 0 2023-04-10 21:11:18.974
!MESSAGE Run Configuration2 in C:/Users/anast/opl/P3
!SESSION 2023-04-10 21:11:48.048 -----------------------------------------------
eclipse.buildId=unknown
java.fullversion=8.0.5.41 - pwa6480sr5fp41-20190919_01(SR5 FP41)
JRE 1.8.0 Windows 10 amd64-64-Bit Compressed References 20190911_427071 (JIT enabled, AOT enabled)
OpenJ9   - d581d49
OMR      - ca4db84
IBM      - 5cfdf9c
BootLoader constants: OS=win32, ARCH=x86_64, WS=win32, NL=en_US
Command-line arguments:  -clean -nl en_US -configuration C:\Users\anast\Documents\erasmus\classes\AMMM - MIRI\Labs\lab3\.metadata\workspace_oplrun

!ENTRY ilog.odms.ide.opllang.remote 1 0 2023-04-10 21:11:48.060
!MESSAGE Run Configuration2 in C:/Users/anast/opl/P3
!SESSION 2023-04-10 21:14:16.160 -----------------------------------------------
eclipse.buildId=unknown
java.fullversion=8.0.5.41 - pwa6480sr5fp41-20190919_01(SR5 FP41)
JRE 1.8.0 Windows 10 amd64-64-Bit Compressed References 20190911_427071 (JIT enabled, AOT enabled)
OpenJ9   - d581d49
OMR      - ca4db84
IBM      - 5cfdf9c
BootLoader constants: OS=win32, ARCH=x86_64, WS=win32, NL=en_US
Command-line arguments:  -clean -nl en_US -configuration C:\Users\anast\Documents\erasmus\classes\AMMM - MIRI\Labs\lab3\.metadata\workspace_oplrun

!ENTRY ilog.odms.ide.opllang.remote 1 0 2023-04-10 21:14:16.173
!MESSAGE Run Configuration2 in C:/Users/anast/opl/P3
!SESSION 2023-04-10 21:14:34.949 -----------------------------------------------
eclipse.buildId=unknown
java.fullversion=8.0.5.41 - pwa6480sr5fp41-20190919_01(SR5 FP41)
JRE 1.8.0 Windows 10 amd64-64-Bit Compressed References 20190911_427071 (JIT enabled, AOT enabled)
OpenJ9   - d581d49
OMR      - ca4db84
IBM      - 5cfdf9c
BootLoader constants: OS=win32, ARCH=x86_64, WS=win32, NL=en_US
Command-line arguments:  -clean -nl en_US -configuration C:\Users\anast\Documents\erasmus\classes\AMMM - MIRI\Labs\lab3\.metadata\workspace_oplrun

!ENTRY ilog.odms.ide.opllang.remote 1 0 2023-04-10 21:14:34.961
!MESSAGE Run Configuration2 in C:/Users/anast/opl/P3
!SESSION 2023-04-10 21:20:02.794 -----------------------------------------------
eclipse.buildId=unknown
java.fullversion=8.0.5.41 - pwa6480sr5fp41-20190919_01(SR5 FP41)
JRE 1.8.0 Windows 10 amd64-64-Bit Compressed References 20190911_427071 (JIT enabled, AOT enabled)
OpenJ9   - d581d49
OMR      - ca4db84
IBM      - 5cfdf9c
BootLoader constants: OS=win32, ARCH=x86_64, WS=win32, NL=en_US
Command-line arguments:  -clean -nl en_US -configuration C:\Users\anast\Documents\erasmus\classes\AMMM - MIRI\Labs\lab3\.metadata\workspace_oplrun

!ENTRY ilog.odms.ide.opllang.remote 1 0 2023-04-10 21:20:02.807
!MESSAGE Run Configuration2 in C:/Users/anast/opl/P3
!SESSION 2023-04-10 21:26:12.558 -----------------------------------------------
eclipse.buildId=unknown
java.fullversion=8.0.5.41 - pwa6480sr5fp41-20190919_01(SR5 FP41)
JRE 1.8.0 Windows 10 amd64-64-Bit Compressed References 20190911_427071 (JIT enabled, AOT enabled)
OpenJ9   - d581d49
OMR      - ca4db84
IBM      - 5cfdf9c
BootLoader constants: OS=win32, ARCH=x86_64, WS=win32, NL=en_US
Command-line arguments:  -clean -nl en_US -configuration C:\Users\anast\Documents\erasmus\classes\AMMM - MIRI\Labs\lab3\.metadata\workspace_oplrun

!ENTRY ilog.odms.ide.opllang.remote 1 0 2023-04-10 21:26:12.571
!MESSAGE Run Configuration2 in C:/Users/anast/opl/P3
!SESSION 2023-04-10 21:26:31.277 -----------------------------------------------
eclipse.buildId=unknown
java.fullversion=8.0.5.41 - pwa6480sr5fp41-20190919_01(SR5 FP41)
JRE 1.8.0 Windows 10 amd64-64-Bit Compressed References 20190911_427071 (JIT enabled, AOT enabled)
OpenJ9   - d581d49
OMR      - ca4db84
IBM      - 5cfdf9c
BootLoader constants: OS=win32, ARCH=x86_64, WS=win32, NL=en_US
Command-line arguments:  -clean -nl en_US -configuration C:\Users\anast\Documents\erasmus\classes\AMMM - MIRI\Labs\lab3\.metadata\workspace_oplrun

!ENTRY ilog.odms.ide.opllang.remote 1 0 2023-04-10 21:26:31.290
!MESSAGE Run Configuration2 in C:/Users/anast/opl/P3
!SESSION 2023-04-10 21:26:56.468 -----------------------------------------------
eclipse.buildId=unknown
java.fullversion=8.0.5.41 - pwa6480sr5fp41-20190919_01(SR5 FP41)
JRE 1.8.0 Windows 10 amd64-64-Bit Compressed References 20190911_427071 (JIT enabled, AOT enabled)
OpenJ9   - d581d49
OMR      - ca4db84
IBM      - 5cfdf9c
BootLoader constants: OS=win32, ARCH=x86_64, WS=win32, NL=en_US
Command-line arguments:  -clean -nl en_US -configuration C:\Users\anast\Documents\erasmus\classes\AMMM - MIRI\Labs\lab3\.metadata\workspace_oplrun

!ENTRY ilog.odms.ide.opllang.remote 1 0 2023-04-10 21:26:56.480
!MESSAGE Run Configuration2 in C:/Users/anast/opl/P3
