!SESSION 2023-03-27 17:30:42.104 -----------------------------------------------
eclipse.buildId=unknown
java.fullversion=8.0.5.41 - pwa6480sr5fp41-20190919_01(SR5 FP41)
JRE 1.8.0 Windows 10 amd64-64-Bit Compressed References 20190911_427071 (JIT enabled, AOT enabled)
OpenJ9   - d581d49
OMR      - ca4db84
IBM      - 5cfdf9c
BootLoader constants: OS=win32, ARCH=x86_64, WS=win32, NL=en_US
Command-line arguments:  -clean -nl en_US -configuration C:\Users\anast\Documents\erasmus\classes\AMMM - MIRI\Labs\lab2\.metadata\workspace_oplrun

!ENTRY ilog.odms.ide.opllang.remote 1 0 2023-03-27 17:30:42.123
!MESSAGE Run Configuration2 in C:/Users/anast/opl/lab2
!SESSION 2023-03-27 17:33:22.902 -----------------------------------------------
eclipse.buildId=unknown
java.fullversion=8.0.5.41 - pwa6480sr5fp41-20190919_01(SR5 FP41)
JRE 1.8.0 Windows 10 amd64-64-Bit Compressed References 20190911_427071 (JIT enabled, AOT enabled)
OpenJ9   - d581d49
OMR      - ca4db84
IBM      - 5cfdf9c
BootLoader constants: OS=win32, ARCH=x86_64, WS=win32, NL=en_US
Command-line arguments:  -clean -nl en_US -configuration C:\Users\anast\Documents\erasmus\classes\AMMM - MIRI\Labs\lab2\.metadata\workspace_oplrun

!ENTRY ilog.odms.ide.opllang.remote 1 0 2023-03-27 17:33:22.914
!MESSAGE Run Configuration2 in C:/Users/anast/opl/lab2
!SESSION 2023-03-27 17:33:32.168 -----------------------------------------------
eclipse.buildId=unknown
java.fullversion=8.0.5.41 - pwa6480sr5fp41-20190919_01(SR5 FP41)
JRE 1.8.0 Windows 10 amd64-64-Bit Compressed References 20190911_427071 (JIT enabled, AOT enabled)
OpenJ9   - d581d49
OMR      - ca4db84
IBM      - 5cfdf9c
BootLoader constants: OS=win32, ARCH=x86_64, WS=win32, NL=en_US
Command-line arguments:  -clean -nl en_US -configuration C:\Users\anast\Documents\erasmus\classes\AMMM - MIRI\Labs\lab2\.metadata\workspace_oplrun

!ENTRY ilog.odms.ide.opllang.remote 1 0 2023-03-27 17:33:32.181
!MESSAGE Run Configuration1 in C:/Users/anast/opl/lab2
!SESSION 2023-03-27 17:57:35.329 -----------------------------------------------
eclipse.buildId=unknown
java.fullversion=8.0.5.41 - pwa6480sr5fp41-20190919_01(SR5 FP41)
JRE 1.8.0 Windows 10 amd64-64-Bit Compressed References 20190911_427071 (JIT enabled, AOT enabled)
OpenJ9   - d581d49
OMR      - ca4db84
IBM      - 5cfdf9c
BootLoader constants: OS=win32, ARCH=x86_64, WS=win32, NL=en_US
Command-line arguments:  -clean -nl en_US -configuration C:\Users\anast\Documents\erasmus\classes\AMMM - MIRI\Labs\lab2\.metadata\workspace_oplrun

!ENTRY ilog.odms.ide.opllang.remote 1 0 2023-03-27 17:57:35.347
!MESSAGE Run Configuration2 in C:/Users/anast/opl/lab2
!SESSION 2023-03-27 17:57:41.514 -----------------------------------------------
eclipse.buildId=unknown
java.fullversion=8.0.5.41 - pwa6480sr5fp41-20190919_01(SR5 FP41)
JRE 1.8.0 Windows 10 amd64-64-Bit Compressed References 20190911_427071 (JIT enabled, AOT enabled)
OpenJ9   - d581d49
OMR      - ca4db84
IBM      - 5cfdf9c
BootLoader constants: OS=win32, ARCH=x86_64, WS=win32, NL=en_US
Command-line arguments:  -clean -nl en_US -configuration C:\Users\anast\Documents\erasmus\classes\AMMM - MIRI\Labs\lab2\.metadata\workspace_oplrun

!ENTRY ilog.odms.ide.opllang.remote 1 0 2023-03-27 17:57:41.527
!MESSAGE Run Configuration1 in C:/Users/anast/opl/lab2
!SESSION 2023-03-27 18:15:25.672 -----------------------------------------------
eclipse.buildId=unknown
java.fullversion=8.0.5.41 - pwa6480sr5fp41-20190919_01(SR5 FP41)
JRE 1.8.0 Windows 10 amd64-64-Bit Compressed References 20190911_427071 (JIT enabled, AOT enabled)
OpenJ9   - d581d49
OMR      - ca4db84
IBM      - 5cfdf9c
BootLoader constants: OS=win32, ARCH=x86_64, WS=win32, NL=en_US
Command-line arguments:  -clean -nl en_US -configuration C:\Users\anast\Documents\erasmus\classes\AMMM - MIRI\Labs\lab2\.metadata\workspace_oplrun

!ENTRY ilog.odms.ide.opllang.remote 1 0 2023-03-27 18:15:25.695
!MESSAGE Run Configuration2 in C:/Users/anast/opl/lab2
!SESSION 2023-03-27 18:15:38.920 -----------------------------------------------
eclipse.buildId=unknown
java.fullversion=8.0.5.41 - pwa6480sr5fp41-20190919_01(SR5 FP41)
JRE 1.8.0 Windows 10 amd64-64-Bit Compressed References 20190911_427071 (JIT enabled, AOT enabled)
OpenJ9   - d581d49
OMR      - ca4db84
IBM      - 5cfdf9c
BootLoader constants: OS=win32, ARCH=x86_64, WS=win32, NL=en_US
Command-line arguments:  -clean -nl en_US -configuration C:\Users\anast\Documents\erasmus\classes\AMMM - MIRI\Labs\lab2\.metadata\workspace_oplrun

!ENTRY ilog.odms.ide.opllang.remote 1 0 2023-03-27 18:15:38.932
!MESSAGE Run Configuration2 in C:/Users/anast/opl/lab2
!SESSION 2023-03-27 20:12:18.613 -----------------------------------------------
eclipse.buildId=unknown
java.fullversion=8.0.5.41 - pwa6480sr5fp41-20190919_01(SR5 FP41)
JRE 1.8.0 Windows 10 amd64-64-Bit Compressed References 20190911_427071 (JIT enabled, AOT enabled)
OpenJ9   - d581d49
OMR      - ca4db84
IBM      - 5cfdf9c
BootLoader constants: OS=win32, ARCH=x86_64, WS=win32, NL=en_US
Command-line arguments:  -clean -nl en_US -configuration C:\Users\anast\Documents\erasmus\classes\AMMM - MIRI\Labs\lab2\.metadata\workspace_oplrun

!ENTRY ilog.odms.ide.opllang.remote 1 0 2023-03-27 20:12:18.638
!MESSAGE Run Configuration2 in C:/Users/anast/opl/lab2
!SESSION 2023-03-27 20:12:26.898 -----------------------------------------------
eclipse.buildId=unknown
java.fullversion=8.0.5.41 - pwa6480sr5fp41-20190919_01(SR5 FP41)
JRE 1.8.0 Windows 10 amd64-64-Bit Compressed References 20190911_427071 (JIT enabled, AOT enabled)
OpenJ9   - d581d49
OMR      - ca4db84
IBM      - 5cfdf9c
BootLoader constants: OS=win32, ARCH=x86_64, WS=win32, NL=en_US
Command-line arguments:  -clean -nl en_US -configuration C:\Users\anast\Documents\erasmus\classes\AMMM - MIRI\Labs\lab2\.metadata\workspace_oplrun

!ENTRY ilog.odms.ide.opllang.remote 1 0 2023-03-27 20:12:26.909
!MESSAGE Run Configuration1 in C:/Users/anast/opl/lab2
!SESSION 2023-03-27 20:16:35.195 -----------------------------------------------
eclipse.buildId=unknown
java.fullversion=8.0.5.41 - pwa6480sr5fp41-20190919_01(SR5 FP41)
JRE 1.8.0 Windows 10 amd64-64-Bit Compressed References 20190911_427071 (JIT enabled, AOT enabled)
OpenJ9   - d581d49
OMR      - ca4db84
IBM      - 5cfdf9c
BootLoader constants: OS=win32, ARCH=x86_64, WS=win32, NL=en_US
Command-line arguments:  -clean -nl en_US -configuration C:\Users\anast\Documents\erasmus\classes\AMMM - MIRI\Labs\lab2\.metadata\workspace_oplrun

!ENTRY ilog.odms.ide.opllang.remote 1 0 2023-03-27 20:16:35.213
!MESSAGE Run Configuration3 in C:/Users/anast/opl/lab2
!SESSION 2023-03-27 20:19:10.303 -----------------------------------------------
eclipse.buildId=unknown
java.fullversion=8.0.5.41 - pwa6480sr5fp41-20190919_01(SR5 FP41)
JRE 1.8.0 Windows 10 amd64-64-Bit Compressed References 20190911_427071 (JIT enabled, AOT enabled)
OpenJ9   - d581d49
OMR      - ca4db84
IBM      - 5cfdf9c
BootLoader constants: OS=win32, ARCH=x86_64, WS=win32, NL=en_US
Command-line arguments:  -clean -nl en_US -configuration C:\Users\anast\Documents\erasmus\classes\AMMM - MIRI\Labs\lab2\.metadata\workspace_oplrun

!ENTRY ilog.odms.ide.opllang.remote 1 0 2023-03-27 20:19:10.320
!MESSAGE Run Configuration2 in C:/Users/anast/opl/lab2
!SESSION 2023-03-27 20:34:08.684 -----------------------------------------------
eclipse.buildId=unknown
java.fullversion=8.0.5.41 - pwa6480sr5fp41-20190919_01(SR5 FP41)
JRE 1.8.0 Windows 10 amd64-64-Bit Compressed References 20190911_427071 (JIT enabled, AOT enabled)
OpenJ9   - d581d49
OMR      - ca4db84
IBM      - 5cfdf9c
BootLoader constants: OS=win32, ARCH=x86_64, WS=win32, NL=en_US
Command-line arguments:  -clean -nl en_US -configuration C:\Users\anast\Documents\erasmus\classes\AMMM - MIRI\Labs\lab2\.metadata\workspace_oplrun

!ENTRY ilog.odms.ide.opllang.remote 1 0 2023-03-27 20:34:08.701
!MESSAGE Run Configuration2 in C:/Users/anast/opl/lab2
!SESSION 2023-03-27 20:34:30.265 -----------------------------------------------
eclipse.buildId=unknown
java.fullversion=8.0.5.41 - pwa6480sr5fp41-20190919_01(SR5 FP41)
JRE 1.8.0 Windows 10 amd64-64-Bit Compressed References 20190911_427071 (JIT enabled, AOT enabled)
OpenJ9   - d581d49
OMR      - ca4db84
IBM      - 5cfdf9c
BootLoader constants: OS=win32, ARCH=x86_64, WS=win32, NL=en_US
Command-line arguments:  -clean -nl en_US -configuration C:\Users\anast\Documents\erasmus\classes\AMMM - MIRI\Labs\lab2\.metadata\workspace_oplrun

!ENTRY ilog.odms.ide.opllang.remote 1 0 2023-03-27 20:34:30.280
!MESSAGE Run Configuration2 in C:/Users/anast/opl/lab2
!SESSION 2023-03-27 20:35:24.539 -----------------------------------------------
eclipse.buildId=unknown
java.fullversion=8.0.5.41 - pwa6480sr5fp41-20190919_01(SR5 FP41)
JRE 1.8.0 Windows 10 amd64-64-Bit Compressed References 20190911_427071 (JIT enabled, AOT enabled)
OpenJ9   - d581d49
OMR      - ca4db84
IBM      - 5cfdf9c
BootLoader constants: OS=win32, ARCH=x86_64, WS=win32, NL=en_US
Command-line arguments:  -clean -nl en_US -configuration C:\Users\anast\Documents\erasmus\classes\AMMM - MIRI\Labs\lab2\.metadata\workspace_oplrun

!ENTRY ilog.odms.ide.opllang.remote 1 0 2023-03-27 20:35:24.550
!MESSAGE Run Configuration2 in C:/Users/anast/opl/lab2
!SESSION 2023-03-27 20:35:38.524 -----------------------------------------------
eclipse.buildId=unknown
java.fullversion=8.0.5.41 - pwa6480sr5fp41-20190919_01(SR5 FP41)
JRE 1.8.0 Windows 10 amd64-64-Bit Compressed References 20190911_427071 (JIT enabled, AOT enabled)
OpenJ9   - d581d49
OMR      - ca4db84
IBM      - 5cfdf9c
BootLoader constants: OS=win32, ARCH=x86_64, WS=win32, NL=en_US
Command-line arguments:  -clean -nl en_US -configuration C:\Users\anast\Documents\erasmus\classes\AMMM - MIRI\Labs\lab2\.metadata\workspace_oplrun

!ENTRY ilog.odms.ide.opllang.remote 1 0 2023-03-27 20:35:38.537
!MESSAGE Run Configuration2 in C:/Users/anast/opl/lab2
!SESSION 2023-03-27 20:37:22.955 -----------------------------------------------
eclipse.buildId=unknown
java.fullversion=8.0.5.41 - pwa6480sr5fp41-20190919_01(SR5 FP41)
JRE 1.8.0 Windows 10 amd64-64-Bit Compressed References 20190911_427071 (JIT enabled, AOT enabled)
OpenJ9   - d581d49
OMR      - ca4db84
IBM      - 5cfdf9c
BootLoader constants: OS=win32, ARCH=x86_64, WS=win32, NL=en_US
Command-line arguments:  -clean -nl en_US -configuration C:\Users\anast\Documents\erasmus\classes\AMMM - MIRI\Labs\lab2\.metadata\workspace_oplrun

!ENTRY ilog.odms.ide.opllang.remote 1 0 2023-03-27 20:37:22.967
!MESSAGE Run Configuration2 in C:/Users/anast/opl/lab2
!SESSION 2023-03-27 20:38:10.761 -----------------------------------------------
eclipse.buildId=unknown
java.fullversion=8.0.5.41 - pwa6480sr5fp41-20190919_01(SR5 FP41)
JRE 1.8.0 Windows 10 amd64-64-Bit Compressed References 20190911_427071 (JIT enabled, AOT enabled)
OpenJ9   - d581d49
OMR      - ca4db84
IBM      - 5cfdf9c
BootLoader constants: OS=win32, ARCH=x86_64, WS=win32, NL=en_US
Command-line arguments:  -clean -nl en_US -configuration C:\Users\anast\Documents\erasmus\classes\AMMM - MIRI\Labs\lab2\.metadata\workspace_oplrun

!ENTRY ilog.odms.ide.opllang.remote 1 0 2023-03-27 20:38:10.773
!MESSAGE Run Configuration2 in C:/Users/anast/opl/lab2
!SESSION 2023-03-27 20:40:16.355 -----------------------------------------------
eclipse.buildId=unknown
java.fullversion=8.0.5.41 - pwa6480sr5fp41-20190919_01(SR5 FP41)
JRE 1.8.0 Windows 10 amd64-64-Bit Compressed References 20190911_427071 (JIT enabled, AOT enabled)
OpenJ9   - d581d49
OMR      - ca4db84
IBM      - 5cfdf9c
BootLoader constants: OS=win32, ARCH=x86_64, WS=win32, NL=en_US
Command-line arguments:  -clean -nl en_US -configuration C:\Users\anast\Documents\erasmus\classes\AMMM - MIRI\Labs\lab2\.metadata\workspace_oplrun

!ENTRY ilog.odms.ide.opllang.remote 1 0 2023-03-27 20:40:16.367
!MESSAGE Run Configuration2 in C:/Users/anast/opl/lab2
!SESSION 2023-03-27 20:44:39.508 -----------------------------------------------
eclipse.buildId=unknown
java.fullversion=8.0.5.41 - pwa6480sr5fp41-20190919_01(SR5 FP41)
JRE 1.8.0 Windows 10 amd64-64-Bit Compressed References 20190911_427071 (JIT enabled, AOT enabled)
OpenJ9   - d581d49
OMR      - ca4db84
IBM      - 5cfdf9c
BootLoader constants: OS=win32, ARCH=x86_64, WS=win32, NL=en_US
Command-line arguments:  -clean -nl en_US -configuration C:\Users\anast\Documents\erasmus\classes\AMMM - MIRI\Labs\lab2\.metadata\workspace_oplrun

!ENTRY ilog.odms.ide.opllang.remote 1 0 2023-03-27 20:44:39.520
!MESSAGE Run Configuration2 in C:/Users/anast/opl/lab2
!SESSION 2023-03-27 20:48:07.022 -----------------------------------------------
eclipse.buildId=unknown
java.fullversion=8.0.5.41 - pwa6480sr5fp41-20190919_01(SR5 FP41)
JRE 1.8.0 Windows 10 amd64-64-Bit Compressed References 20190911_427071 (JIT enabled, AOT enabled)
OpenJ9   - d581d49
OMR      - ca4db84
IBM      - 5cfdf9c
BootLoader constants: OS=win32, ARCH=x86_64, WS=win32, NL=en_US
Command-line arguments:  -clean -nl en_US -configuration C:\Users\anast\Documents\erasmus\classes\AMMM - MIRI\Labs\lab2\.metadata\workspace_oplrun

!ENTRY ilog.odms.ide.opllang.remote 1 0 2023-03-27 20:48:07.034
!MESSAGE Run Configuration1 in C:/Users/anast/opl/lab2
!SESSION 2023-03-27 20:48:09.689 -----------------------------------------------
eclipse.buildId=unknown
java.fullversion=8.0.5.41 - pwa6480sr5fp41-20190919_01(SR5 FP41)
JRE 1.8.0 Windows 10 amd64-64-Bit Compressed References 20190911_427071 (JIT enabled, AOT enabled)
OpenJ9   - d581d49
OMR      - ca4db84
IBM      - 5cfdf9c
BootLoader constants: OS=win32, ARCH=x86_64, WS=win32, NL=en_US
Command-line arguments:  -clean -nl en_US -configuration C:\Users\anast\Documents\erasmus\classes\AMMM - MIRI\Labs\lab2\.metadata\workspace_oplrun

!ENTRY ilog.odms.ide.opllang.remote 1 0 2023-03-27 20:48:09.701
!MESSAGE Run Configuration2 in C:/Users/anast/opl/lab2
!SESSION 2023-03-27 20:48:12.526 -----------------------------------------------
eclipse.buildId=unknown
java.fullversion=8.0.5.41 - pwa6480sr5fp41-20190919_01(SR5 FP41)
JRE 1.8.0 Windows 10 amd64-64-Bit Compressed References 20190911_427071 (JIT enabled, AOT enabled)
OpenJ9   - d581d49
OMR      - ca4db84
IBM      - 5cfdf9c
BootLoader constants: OS=win32, ARCH=x86_64, WS=win32, NL=en_US
Command-line arguments:  -clean -nl en_US -configuration C:\Users\anast\Documents\erasmus\classes\AMMM - MIRI\Labs\lab2\.metadata\workspace_oplrun

!ENTRY ilog.odms.ide.opllang.remote 1 0 2023-03-27 20:48:12.541
!MESSAGE Run Configuration2 in C:/Users/anast/opl/lab2
!SESSION 2023-03-27 20:48:21.988 -----------------------------------------------
eclipse.buildId=unknown
java.fullversion=8.0.5.41 - pwa6480sr5fp41-20190919_01(SR5 FP41)
JRE 1.8.0 Windows 10 amd64-64-Bit Compressed References 20190911_427071 (JIT enabled, AOT enabled)
OpenJ9   - d581d49
OMR      - ca4db84
IBM      - 5cfdf9c
BootLoader constants: OS=win32, ARCH=x86_64, WS=win32, NL=en_US
Command-line arguments:  -clean -nl en_US -configuration C:\Users\anast\Documents\erasmus\classes\AMMM - MIRI\Labs\lab2\.metadata\workspace_oplrun

!ENTRY ilog.odms.ide.opllang.remote 1 0 2023-03-27 20:48:22.000
!MESSAGE Run Configuration2 in C:/Users/anast/opl/lab2
!SESSION 2023-03-27 20:48:48.215 -----------------------------------------------
eclipse.buildId=unknown
java.fullversion=8.0.5.41 - pwa6480sr5fp41-20190919_01(SR5 FP41)
JRE 1.8.0 Windows 10 amd64-64-Bit Compressed References 20190911_427071 (JIT enabled, AOT enabled)
OpenJ9   - d581d49
OMR      - ca4db84
IBM      - 5cfdf9c
BootLoader constants: OS=win32, ARCH=x86_64, WS=win32, NL=en_US
Command-line arguments:  -clean -nl en_US -configuration C:\Users\anast\Documents\erasmus\classes\AMMM - MIRI\Labs\lab2\.metadata\workspace_oplrun

!ENTRY ilog.odms.ide.opllang.remote 1 0 2023-03-27 20:48:48.229
!MESSAGE Run Configuration2 in C:/Users/anast/opl/lab2
!SESSION 2023-03-27 20:49:11.610 -----------------------------------------------
eclipse.buildId=unknown
java.fullversion=8.0.5.41 - pwa6480sr5fp41-20190919_01(SR5 FP41)
JRE 1.8.0 Windows 10 amd64-64-Bit Compressed References 20190911_427071 (JIT enabled, AOT enabled)
OpenJ9   - d581d49
OMR      - ca4db84
IBM      - 5cfdf9c
BootLoader constants: OS=win32, ARCH=x86_64, WS=win32, NL=en_US
Command-line arguments:  -clean -nl en_US -configuration C:\Users\anast\Documents\erasmus\classes\AMMM - MIRI\Labs\lab2\.metadata\workspace_oplrun

!ENTRY ilog.odms.ide.opllang.remote 1 0 2023-03-27 20:49:11.626
!MESSAGE Run Configuration2 in C:/Users/anast/opl/lab2
!SESSION 2023-03-27 20:52:48.858 -----------------------------------------------
eclipse.buildId=unknown
java.fullversion=8.0.5.41 - pwa6480sr5fp41-20190919_01(SR5 FP41)
JRE 1.8.0 Windows 10 amd64-64-Bit Compressed References 20190911_427071 (JIT enabled, AOT enabled)
OpenJ9   - d581d49
OMR      - ca4db84
IBM      - 5cfdf9c
BootLoader constants: OS=win32, ARCH=x86_64, WS=win32, NL=en_US
Command-line arguments:  -clean -nl en_US -configuration C:\Users\anast\Documents\erasmus\classes\AMMM - MIRI\Labs\lab2\.metadata\workspace_oplrun

!ENTRY ilog.odms.ide.opllang.remote 1 0 2023-03-27 20:52:48.876
!MESSAGE Run Configuration2 in C:/Users/anast/opl/lab2
!SESSION 2023-03-27 22:18:32.151 -----------------------------------------------
eclipse.buildId=unknown
java.fullversion=8.0.5.41 - pwa6480sr5fp41-20190919_01(SR5 FP41)
JRE 1.8.0 Windows 10 amd64-64-Bit Compressed References 20190911_427071 (JIT enabled, AOT enabled)
OpenJ9   - d581d49
OMR      - ca4db84
IBM      - 5cfdf9c
BootLoader constants: OS=win32, ARCH=x86_64, WS=win32, NL=en_US
Command-line arguments:  -clean -nl en_US -configuration C:\Users\anast\Documents\erasmus\classes\AMMM - MIRI\Labs\lab2\.metadata\workspace_oplrun

!ENTRY ilog.odms.ide.opllang.remote 1 0 2023-03-27 22:18:32.167
!MESSAGE Run Configuration3 in C:/Users/anast/opl/lab2

!ENTRY ilog.odms.ide.opllang.remote 4 0 2023-03-27 22:18:32.510
!MESSAGE run failed
!STACK 0
ilog.concert.IloException: Processing failed.
	at ilog.opl.opl_lang_wrapJNI.IloOplModel_main(Native Method)
	at ilog.opl.IloOplModel.main(IloOplModel.java:688)
	at ilog.odms.ide.opllang.remote.IloOplRunConfigRunner.doProcessMain(IloOplRunConfigRunner.java:341)
	at ilog.odms.ide.opllang.remote.IloOplRunConfigRunner.doProcessModel(IloOplRunConfigRunner.java:161)
	at ilog.odms.ide.opllang.remote.IloOplRunConfigRunner.doRun(IloOplRunConfigRunner.java:377)
	at ilog.odms.ide.opllang.run.IloAbstractRunShell$2.run(IloAbstractRunShell.java:1596)
	at org.eclipse.core.internal.jobs.Worker.run(Worker.java:56)
!SESSION 2023-03-27 22:19:14.799 -----------------------------------------------
eclipse.buildId=unknown
java.fullversion=8.0.5.41 - pwa6480sr5fp41-20190919_01(SR5 FP41)
JRE 1.8.0 Windows 10 amd64-64-Bit Compressed References 20190911_427071 (JIT enabled, AOT enabled)
OpenJ9   - d581d49
OMR      - ca4db84
IBM      - 5cfdf9c
BootLoader constants: OS=win32, ARCH=x86_64, WS=win32, NL=en_US
Command-line arguments:  -clean -nl en_US -configuration C:\Users\anast\Documents\erasmus\classes\AMMM - MIRI\Labs\lab2\.metadata\workspace_oplrun

!ENTRY ilog.odms.ide.opllang.remote 1 0 2023-03-27 22:19:14.799
!MESSAGE Run Configuration3 in C:/Users/anast/opl/lab2

!ENTRY ilog.odms.ide.opllang.remote 4 0 2023-03-27 22:19:14.893
!MESSAGE run failed
!STACK 0
ilog.concert.IloException: Processing failed.
	at ilog.opl.opl_lang_wrapJNI.IloOplModel_main(Native Method)
	at ilog.opl.IloOplModel.main(IloOplModel.java:688)
	at ilog.odms.ide.opllang.remote.IloOplRunConfigRunner.doProcessMain(IloOplRunConfigRunner.java:341)
	at ilog.odms.ide.opllang.remote.IloOplRunConfigRunner.doProcessModel(IloOplRunConfigRunner.java:161)
	at ilog.odms.ide.opllang.remote.IloOplRunConfigRunner.doRun(IloOplRunConfigRunner.java:377)
	at ilog.odms.ide.opllang.run.IloAbstractRunShell$2.run(IloAbstractRunShell.java:1596)
	at org.eclipse.core.internal.jobs.Worker.run(Worker.java:56)
!SESSION 2023-03-27 22:19:28.239 -----------------------------------------------
eclipse.buildId=unknown
java.fullversion=8.0.5.41 - pwa6480sr5fp41-20190919_01(SR5 FP41)
JRE 1.8.0 Windows 10 amd64-64-Bit Compressed References 20190911_427071 (JIT enabled, AOT enabled)
OpenJ9   - d581d49
OMR      - ca4db84
IBM      - 5cfdf9c
BootLoader constants: OS=win32, ARCH=x86_64, WS=win32, NL=en_US
Command-line arguments:  -clean -nl en_US -configuration C:\Users\anast\Documents\erasmus\classes\AMMM - MIRI\Labs\lab2\.metadata\workspace_oplrun

!ENTRY ilog.odms.ide.opllang.remote 1 0 2023-03-27 22:19:28.239
!MESSAGE Run Configuration3 in C:/Users/anast/opl/lab2

!ENTRY ilog.odms.ide.opllang.remote 4 0 2023-03-27 22:19:28.349
!MESSAGE run failed
!STACK 0
ilog.concert.IloException: Processing failed.
	at ilog.opl.opl_lang_wrapJNI.IloOplModel_main(Native Method)
	at ilog.opl.IloOplModel.main(IloOplModel.java:688)
	at ilog.odms.ide.opllang.remote.IloOplRunConfigRunner.doProcessMain(IloOplRunConfigRunner.java:341)
	at ilog.odms.ide.opllang.remote.IloOplRunConfigRunner.doProcessModel(IloOplRunConfigRunner.java:161)
	at ilog.odms.ide.opllang.remote.IloOplRunConfigRunner.doRun(IloOplRunConfigRunner.java:377)
	at ilog.odms.ide.opllang.run.IloAbstractRunShell$2.run(IloAbstractRunShell.java:1596)
	at org.eclipse.core.internal.jobs.Worker.run(Worker.java:56)
!SESSION 2023-03-27 22:19:32.946 -----------------------------------------------
eclipse.buildId=unknown
java.fullversion=8.0.5.41 - pwa6480sr5fp41-20190919_01(SR5 FP41)
JRE 1.8.0 Windows 10 amd64-64-Bit Compressed References 20190911_427071 (JIT enabled, AOT enabled)
OpenJ9   - d581d49
OMR      - ca4db84
IBM      - 5cfdf9c
BootLoader constants: OS=win32, ARCH=x86_64, WS=win32, NL=en_US
Command-line arguments:  -clean -nl en_US -configuration C:\Users\anast\Documents\erasmus\classes\AMMM - MIRI\Labs\lab2\.metadata\workspace_oplrun

!ENTRY ilog.odms.ide.opllang.remote 1 0 2023-03-27 22:19:32.962
!MESSAGE Run Configuration2 in C:/Users/anast/opl/lab2
!SESSION 2023-03-27 22:19:40.555 -----------------------------------------------
eclipse.buildId=unknown
java.fullversion=8.0.5.41 - pwa6480sr5fp41-20190919_01(SR5 FP41)
JRE 1.8.0 Windows 10 amd64-64-Bit Compressed References 20190911_427071 (JIT enabled, AOT enabled)
OpenJ9   - d581d49
OMR      - ca4db84
IBM      - 5cfdf9c
BootLoader constants: OS=win32, ARCH=x86_64, WS=win32, NL=en_US
Command-line arguments:  -clean -nl en_US -configuration C:\Users\anast\Documents\erasmus\classes\AMMM - MIRI\Labs\lab2\.metadata\workspace_oplrun

!ENTRY ilog.odms.ide.opllang.remote 1 0 2023-03-27 22:19:40.570
!MESSAGE Run Configuration3 in C:/Users/anast/opl/lab2

!ENTRY ilog.odms.ide.opllang.remote 4 0 2023-03-27 22:19:40.680
!MESSAGE run failed
!STACK 0
ilog.concert.IloException: Processing failed.
	at ilog.opl.opl_lang_wrapJNI.IloOplModel_main(Native Method)
	at ilog.opl.IloOplModel.main(IloOplModel.java:688)
	at ilog.odms.ide.opllang.remote.IloOplRunConfigRunner.doProcessMain(IloOplRunConfigRunner.java:341)
	at ilog.odms.ide.opllang.remote.IloOplRunConfigRunner.doProcessModel(IloOplRunConfigRunner.java:161)
	at ilog.odms.ide.opllang.remote.IloOplRunConfigRunner.doRun(IloOplRunConfigRunner.java:377)
	at ilog.odms.ide.opllang.run.IloAbstractRunShell$2.run(IloAbstractRunShell.java:1596)
	at org.eclipse.core.internal.jobs.Worker.run(Worker.java:56)
!SESSION 2023-03-27 22:20:04.176 -----------------------------------------------
eclipse.buildId=unknown
java.fullversion=8.0.5.41 - pwa6480sr5fp41-20190919_01(SR5 FP41)
JRE 1.8.0 Windows 10 amd64-64-Bit Compressed References 20190911_427071 (JIT enabled, AOT enabled)
OpenJ9   - d581d49
OMR      - ca4db84
IBM      - 5cfdf9c
BootLoader constants: OS=win32, ARCH=x86_64, WS=win32, NL=en_US
Command-line arguments:  -clean -nl en_US -configuration C:\Users\anast\Documents\erasmus\classes\AMMM - MIRI\Labs\lab2\.metadata\workspace_oplrun

!ENTRY ilog.odms.ide.opllang.remote 1 0 2023-03-27 22:20:04.188
!MESSAGE Run Configuration3 in C:/Users/anast/opl/lab2
!SESSION 2023-03-27 22:30:42.170 -----------------------------------------------
eclipse.buildId=unknown
java.fullversion=8.0.5.41 - pwa6480sr5fp41-20190919_01(SR5 FP41)
JRE 1.8.0 Windows 10 amd64-64-Bit Compressed References 20190911_427071 (JIT enabled, AOT enabled)
OpenJ9   - d581d49
OMR      - ca4db84
IBM      - 5cfdf9c
BootLoader constants: OS=win32, ARCH=x86_64, WS=win32, NL=en_US
Command-line arguments:  -clean -nl en_US -configuration C:\Users\anast\Documents\erasmus\classes\AMMM - MIRI\Labs\lab2\.metadata\workspace_oplrun

!ENTRY ilog.odms.ide.opllang.remote 1 0 2023-03-27 22:30:42.201
!MESSAGE Run Configuration2 in C:/Users/anast/opl/lab2
!SESSION 2023-03-27 23:08:39.981 -----------------------------------------------
eclipse.buildId=unknown
java.fullversion=8.0.5.41 - pwa6480sr5fp41-20190919_01(SR5 FP41)
JRE 1.8.0 Windows 10 amd64-64-Bit Compressed References 20190911_427071 (JIT enabled, AOT enabled)
OpenJ9   - d581d49
OMR      - ca4db84
IBM      - 5cfdf9c
BootLoader constants: OS=win32, ARCH=x86_64, WS=win32, NL=en_US
Command-line arguments:  -clean -nl en_US -configuration C:\Users\anast\Documents\erasmus\classes\AMMM - MIRI\Labs\lab2\.metadata\workspace_oplrun

!ENTRY ilog.odms.ide.opllang.remote 1 0 2023-03-27 23:08:39.996
!MESSAGE Run Configuration2 in C:/Users/anast/opl/lab2
